0 info it worked if it ends with ok
1 verbose cli [ 'node', '/usr/local/bin/npm', 'install', 'gulp-less' ]
2 info using npm@1.4.28
3 info using node@v0.10.32
4 warn package.json socket-boilerplate@0.0.0 No repository field.
5 warn package.json socket-boilerplate@0.0.0 No README data
6 verbose readDependencies using package.json deps
7 verbose cache add [ 'gulp-less', null ]
8 verbose cache add name=undefined spec="gulp-less" args=["gulp-less",null]
9 verbose parsed url { protocol: null,
9 verbose parsed url   slashes: null,
9 verbose parsed url   auth: null,
9 verbose parsed url   host: null,
9 verbose parsed url   port: null,
9 verbose parsed url   hostname: null,
9 verbose parsed url   hash: null,
9 verbose parsed url   search: null,
9 verbose parsed url   query: null,
9 verbose parsed url   pathname: 'gulp-less',
9 verbose parsed url   path: 'gulp-less',
9 verbose parsed url   href: 'gulp-less' }
10 silly lockFile c3a282a6-gulp-less gulp-less
11 verbose lock gulp-less /Users/stefanol/.npm/c3a282a6-gulp-less.lock
12 silly lockFile c3a282a6-gulp-less gulp-less
13 error Error: Attempt to unlock gulp-less, which hasn't been locked
13 error     at unlock (/usr/local/lib/node_modules/npm/lib/utils/locker.js:44:11)
13 error     at cb (/usr/local/lib/node_modules/npm/lib/cache/add-local.js:30:5)
13 error     at /usr/local/lib/node_modules/npm/lib/cache/add-local.js:47:20
13 error     at /usr/local/lib/node_modules/npm/lib/utils/locker.js:30:7
13 error     at cb (/usr/local/lib/node_modules/npm/node_modules/lockfile/lockfile.js:149:38)
13 error     at /usr/local/lib/node_modules/npm/node_modules/lockfile/lockfile.js:177:38
13 error     at Object.oncomplete (fs.js:107:15)
14 error If you need help, you may report this *entire* log,
14 error including the npm and node versions, at:
14 error     <http://github.com/npm/npm/issues>
15 error System Darwin 14.0.0
16 error command "node" "/usr/local/bin/npm" "install" "gulp-less"
17 error cwd /Users/stefanol/Desktop/realtime-boilerplate
18 error node -v v0.10.32
19 error npm -v 1.4.28
20 verbose exit [ 1, true ]
